[debug] [2021-05-02T15:23:30.475Z] ----------------------------------------------------------------------
[debug] [2021-05-02T15:23:30.479Z] Command:       C:\Program Files\nodejs\node.exe C:\Users\HP\AppData\Roaming\npm\node_modules\firebase-tools\lib\bin\firebase.js init
[debug] [2021-05-02T15:23:30.479Z] CLI Version:   9.10.0
[debug] [2021-05-02T15:23:30.479Z] Platform:      win32
[debug] [2021-05-02T15:23:30.479Z] Node Version:  v12.12.0
[debug] [2021-05-02T15:23:30.481Z] Time:          Sun May 02 2021 20:23:30 GMT+0500 (Pakistan Standard Time)
[debug] [2021-05-02T15:23:30.481Z] ----------------------------------------------------------------------
[debug] 
[debug] [2021-05-02T15:23:30.495Z] > command requires scopes: ["email","openid","https://www.googleapis.com/auth/cloudplatformprojects.readonly","https://www.googleapis.com/auth/firebase","https://www.googleapis.com/auth/cloud-platform"]
[debug] [2021-05-02T15:23:30.495Z] > authorizing via signed-in user (taimoormuhammad954@gmail.com)
[info] 
     ######## #### ########  ######## ########     ###     ######  ########
     ##        ##  ##     ## ##       ##     ##  ##   ##  ##       ##
     ######    ##  ########  ######   ########  #########  ######  ######
     ##        ##  ##    ##  ##       ##     ## ##     ##       ## ##
     ##       #### ##     ## ######## ########  ##     ##  ######  ########

You're about to initialize a Firebase project in this directory:

  D:\Code\React\Ecommerce\code

[info] 
=== Project Setup
[info] 
[info] First, let's associate this project directory with a Firebase project.
[info] You can create multiple project aliases by running firebase use --add, 
[info] but for now we'll just set up a default project.
[info] 
[debug] [2021-05-02T15:24:18.612Z] >>> [apiv2][query] GET https://firebase.googleapis.com/v1beta1/projects pageSize=100
[debug] [2021-05-02T15:24:19.738Z] <<< [apiv2][status] GET https://firebase.googleapis.com/v1beta1/projects 200
[debug] [2021-05-02T15:24:19.739Z] <<< [apiv2][body] GET https://firebase.googleapis.com/v1beta1/projects [omitted]
[info] i  Using project buyfy-77696 (Buyfy) 
[info] 
=== Firestore Setup
[debug] [2021-05-02T15:24:21.768Z] > refreshing access token with scopes: ["email","https://www.googleapis.com/auth/cloud-platform","https://www.googleapis.com/auth/cloudplatformprojects.readonly","https://www.googleapis.com/auth/firebase","openid"]
[debug] [2021-05-02T15:24:21.769Z] >>> HTTP REQUEST POST https://www.googleapis.com/oauth2/v3/token  
 <request body omitted>
[debug] [2021-05-02T15:24:22.517Z] <<< HTTP RESPONSE 200 {"pragma":"no-cache","date":"Sun, 02 May 2021 15:24:24 GMT","cache-control":"no-cache, no-store, max-age=0, must-revalidate","expires":"Mon, 01 Jan 1990 00:00:00 GMT","content-type":"application/json; charset=utf-8","vary":"X-Origin, Referer, Origin,Accept-Encoding","server":"scaffolding on HTTPServer2","x-xss-protection":"0","x-frame-options":"SAMEORIGIN","x-content-type-options":"nosniff","alt-svc":"h3-29=\":443\"; ma=2592000,h3-T051=\":443\"; ma=2592000,h3-Q050=\":443\"; ma=2592000,h3-Q046=\":443\"; ma=2592000,h3-Q043=\":443\"; ma=2592000,quic=\":443\"; ma=2592000; v=\"46,43\"","accept-ranges":"none","transfer-encoding":"chunked"}
[debug] [2021-05-02T15:24:22.546Z] >>> HTTP REQUEST GET https://serviceusage.googleapis.com/v1/projects/buyfy-77696/services/firestore.googleapis.com  
 
[debug] [2021-05-02T15:24:24.744Z] <<< HTTP RESPONSE 200 {"content-type":"application/json; charset=UTF-8","vary":"X-Origin, Referer, Origin,Accept-Encoding","date":"Sun, 02 May 2021 15:24:26 GMT","server":"ESF","cache-control":"private","x-xss-protection":"0","x-frame-options":"SAMEORIGIN","x-content-type-options":"nosniff","alt-svc":"h3-29=\":443\"; ma=2592000,h3-T051=\":443\"; ma=2592000,h3-Q050=\":443\"; ma=2592000,h3-Q046=\":443\"; ma=2592000,h3-Q043=\":443\"; ma=2592000,quic=\":443\"; ma=2592000; v=\"46,43\"","accept-ranges":"none","transfer-encoding":"chunked"}
[debug] [2021-05-02T15:24:24.746Z] >>> HTTP REQUEST GET https://appengine.googleapis.com/v1/apps/buyfy-77696  
 
[debug] [2021-05-02T15:24:26.398Z] <<< HTTP RESPONSE 200 {"content-type":"application/json; charset=UTF-8","vary":"X-Origin, Referer, Origin,Accept-Encoding","date":"Sun, 02 May 2021 15:24:28 GMT","server":"ESF","cache-control":"private","x-xss-protection":"0","x-frame-options":"SAMEORIGIN","x-content-type-options":"nosniff","alt-svc":"h3-29=\":443\"; ma=2592000,h3-T051=\":443\"; ma=2592000,h3-Q050=\":443\"; ma=2592000,h3-Q046=\":443\"; ma=2592000,h3-Q043=\":443\"; ma=2592000,quic=\":443\"; ma=2592000; v=\"46,43\"","accept-ranges":"none","transfer-encoding":"chunked"}
[debug] [2021-05-02T15:24:26.399Z] database_type: CLOUD_FIRESTORE
[debug] [2021-05-02T15:24:26.401Z] > command requires scopes: ["email","openid","https://www.googleapis.com/auth/cloudplatformprojects.readonly","https://www.googleapis.com/auth/firebase","https://www.googleapis.com/auth/cloud-platform"]
[debug] [2021-05-02T15:24:26.401Z] > authorizing via signed-in user (taimoormuhammad954@gmail.com)
[debug] [2021-05-02T15:24:26.402Z] [iam] checking project buyfy-77696 for permissions ["firebase.projects.get"]
[debug] [2021-05-02T15:24:26.403Z] >>> HTTP REQUEST POST https://cloudresourcemanager.googleapis.com/v1/projects/buyfy-77696:testIamPermissions  
 {"permissions":["firebase.projects.get"]}
[debug] [2021-05-02T15:24:28.315Z] <<< HTTP RESPONSE 200 {"content-type":"application/json; charset=UTF-8","vary":"X-Origin, Referer, Origin,Accept-Encoding","date":"Sun, 02 May 2021 15:24:29 GMT","server":"ESF","cache-control":"private","x-xss-protection":"0","x-frame-options":"SAMEORIGIN","x-content-type-options":"nosniff","server-timing":"gfet4t7; dur=1168","alt-svc":"h3-29=\":443\"; ma=2592000,h3-T051=\":443\"; ma=2592000,h3-Q050=\":443\"; ma=2592000,h3-Q046=\":443\"; ma=2592000,h3-Q043=\":443\"; ma=2592000,quic=\":443\"; ma=2592000; v=\"46,43\"","accept-ranges":"none","transfer-encoding":"chunked"}
[info] 
[info] Firestore Security Rules allow you to define how and when to allow
[info] requests. You can keep these rules in your project directory
[info] and publish them with firebase deploy.
[info] 
[debug] [2021-05-02T15:25:22.087Z] >>> HTTP REQUEST GET https://firebaserules.googleapis.com/v1/projects/buyfy-77696/releases?pageSize=10&pageToken=  
 
[debug] [2021-05-02T15:25:23.692Z] <<< HTTP RESPONSE 200 {"content-type":"application/json; charset=UTF-8","vary":"X-Origin, Referer, Origin,Accept-Encoding","date":"Sun, 02 May 2021 15:25:25 GMT","server":"ESF","cache-control":"private","x-xss-protection":"0","x-frame-options":"SAMEORIGIN","x-content-type-options":"nosniff","alt-svc":"h3-29=\":443\"; ma=2592000,h3-T051=\":443\"; ma=2592000,h3-Q050=\":443\"; ma=2592000,h3-Q046=\":443\"; ma=2592000,h3-Q043=\":443\"; ma=2592000,quic=\":443\"; ma=2592000; v=\"46,43\"","accept-ranges":"none","transfer-encoding":"chunked"}
[debug] [2021-05-02T15:25:23.694Z] Found ruleset: projects/buyfy-77696/rulesets/dfdaaf7d-f290-420f-90ce-34a99b5c30f6
[debug] [2021-05-02T15:25:23.695Z] >>> HTTP REQUEST GET https://firebaserules.googleapis.com/v1/projects/buyfy-77696/rulesets/dfdaaf7d-f290-420f-90ce-34a99b5c30f6  
 
[debug] [2021-05-02T15:25:24.612Z] <<< HTTP RESPONSE 200 {"content-type":"application/json; charset=UTF-8","vary":"X-Origin, Referer, Origin,Accept-Encoding","date":"Sun, 02 May 2021 15:25:26 GMT","server":"ESF","cache-control":"private","x-xss-protection":"0","x-frame-options":"SAMEORIGIN","x-content-type-options":"nosniff","alt-svc":"h3-29=\":443\"; ma=2592000,h3-T051=\":443\"; ma=2592000,h3-Q050=\":443\"; ma=2592000,h3-Q046=\":443\"; ma=2592000,h3-Q043=\":443\"; ma=2592000,quic=\":443\"; ma=2592000; v=\"46,43\"","accept-ranges":"none","transfer-encoding":"chunked"}
[debug] [2021-05-02T15:25:25.366Z] Error: EISDIR: illegal operation on a directory, open 'D:\Code\React\Ecommerce\code'
    at Object.openSync (fs.js:440:3)
    at Object.writeFileSync (fs.js:1265:35)
    at Config.writeProjectFile (C:\Users\HP\AppData\Roaming\npm\node_modules\firebase-tools\lib\config.js:156:8)
    at C:\Users\HP\AppData\Roaming\npm\node_modules\firebase-tools\lib\init\features\firestore\rules.js:50:27
    at processTicksAndRejections (internal/process/task_queues.js:93:5)
    at async Object.doSetup [as firestore] (C:\Users\HP\AppData\Roaming\npm\node_modules\firebase-tools\lib\init\features\firestore\index.js:35:5)
    at async init (C:\Users\HP\AppData\Roaming\npm\node_modules\firebase-tools\lib\init\index.js:19:9)
[error] 
[error] Error: An unexpected error has occurred.
